[0m09:03:11.258281 [debug] [MainThread]: Sending event: {'category': 'dbt', 'action': 'invocation', 'label': 'start', 'context': [<snowplow_tracker.self_describing_json.SelfDescribingJson object at 0x00000261D448A080>, <snowplow_tracker.self_describing_json.SelfDescribingJson object at 0x00000261D64220B0>, <snowplow_tracker.self_describing_json.SelfDescribingJson object at 0x00000261D6422260>]}


============================== 09:03:11.262014 | d4d6526e-b38a-402a-89bb-96060fb7f7fa ==============================
[0m09:03:11.262014 [info ] [MainThread]: Running with dbt=1.5.9
[0m09:03:11.263021 [debug] [MainThread]: running dbt with arguments {'printer_width': '80', 'indirect_selection': 'eager', 'write_json': 'True', 'log_cache_events': 'False', 'partial_parse': 'True', 'cache_selected_only': 'False', 'profiles_dir': 'C:\\Users\\Arul\\.dbt', 'fail_fast': 'False', 'version_check': 'True', 'log_path': 'logs', 'warn_error': 'None', 'debug': 'False', 'use_colors': 'True', 'use_experimental_parser': 'False', 'no_print': 'None', 'quiet': 'False', 'log_format': 'default', 'static_parser': 'True', 'introspect': 'True', 'warn_error_options': 'WarnErrorOptions(include=[], exclude=[])', 'target_path': 'None', 'send_anonymous_usage_stats': 'True'}
[0m09:03:41.692936 [debug] [MainThread]: Starter project path: C:\Users\Arul\dbt-poc\venv\lib\site-packages\dbt\include\starter_project
[0m09:05:26.905984 [info ] [MainThread]: Profile learn_dbt written to C:\Users\Arul\.dbt\profiles.yml using target's profile_template.yml and your supplied values. Run 'dbt debug' to validate the connection.
[0m09:05:26.907308 [info ] [MainThread]: 
Your new dbt project "learn_dbt" was created!

For more information on how to configure the profiles.yml file,
please consult the dbt documentation here:

  https://docs.getdbt.com/docs/configure-your-profile

One more thing:

Need help? Don't hesitate to reach out to us via GitHub issues or on Slack:

  https://community.getdbt.com/

Happy modeling!

[0m09:05:26.908347 [debug] [MainThread]: Command `dbt init` succeeded at 09:05:26.908347 after 135.66 seconds
[0m09:05:26.909128 [debug] [MainThread]: Sending event: {'category': 'dbt', 'action': 'invocation', 'label': 'end', 'context': [<snowplow_tracker.self_describing_json.SelfDescribingJson object at 0x00000261D448A080>, <snowplow_tracker.self_describing_json.SelfDescribingJson object at 0x00000261D6423B50>, <snowplow_tracker.self_describing_json.SelfDescribingJson object at 0x00000261D64220B0>]}
[0m09:05:26.909128 [debug] [MainThread]: Flushing usage events
[0m09:05:37.782585 [debug] [MainThread]: Sending event: {'category': 'dbt', 'action': 'invocation', 'label': 'start', 'context': [<snowplow_tracker.self_describing_json.SelfDescribingJson object at 0x000002473BFA9FF0>, <snowplow_tracker.self_describing_json.SelfDescribingJson object at 0x000002473E254CD0>, <snowplow_tracker.self_describing_json.SelfDescribingJson object at 0x000002473E254B20>]}


============================== 09:05:37.786713 | 49dc120f-efe1-485c-a4a2-6409aa28d377 ==============================
[0m09:05:37.786713 [info ] [MainThread]: Running with dbt=1.5.9
[0m09:05:37.787644 [debug] [MainThread]: running dbt with arguments {'printer_width': '80', 'indirect_selection': 'eager', 'write_json': 'True', 'log_cache_events': 'False', 'partial_parse': 'True', 'cache_selected_only': 'False', 'profiles_dir': 'C:\\Users\\Arul\\.dbt', 'fail_fast': 'False', 'version_check': 'True', 'log_path': 'logs', 'warn_error': 'None', 'debug': 'False', 'use_colors': 'True', 'use_experimental_parser': 'False', 'no_print': 'None', 'quiet': 'False', 'warn_error_options': 'WarnErrorOptions(include=[], exclude=[])', 'static_parser': 'True', 'introspect': 'True', 'log_format': 'default', 'target_path': 'None', 'send_anonymous_usage_stats': 'True'}
[0m09:05:37.788634 [info ] [MainThread]: dbt version: 1.5.9
[0m09:05:37.789649 [info ] [MainThread]: python version: 3.10.4
[0m09:05:37.790662 [info ] [MainThread]: python path: C:\Users\Arul\dbt-poc\venv\Scripts\python.exe
[0m09:05:37.791861 [info ] [MainThread]: os info: Windows-10-10.0.19045-SP0
[0m09:05:37.793329 [info ] [MainThread]: Using profiles.yml file at C:\Users\Arul\.dbt\profiles.yml
[0m09:05:37.793746 [info ] [MainThread]: Using dbt_project.yml file at C:\Users\Arul\dbt-poc\dbt_project.yml
[0m09:05:37.794298 [info ] [MainThread]: Configuration:
[0m09:05:38.054754 [info ] [MainThread]:   profiles.yml file [[32mOK found and valid[0m]
[0m09:05:38.055761 [info ] [MainThread]:   dbt_project.yml file [[31mERROR not found[0m]
[0m09:05:38.057665 [info ] [MainThread]: Required dependencies:
[0m09:05:38.059869 [debug] [MainThread]: Executing "git --help"
[0m09:05:38.095097 [debug] [MainThread]: STDOUT: "b"usage: git [--version] [--help] [-C <path>] [-c <name>=<value>]\n           [--exec-path[=<path>]] [--html-path] [--man-path] [--info-path]\n           [-p | --paginate | -P | --no-pager] [--no-replace-objects] [--bare]\n           [--git-dir=<path>] [--work-tree=<path>] [--namespace=<name>]\n           <command> [<args>]\n\nThese are common Git commands used in various situations:\n\nstart a working area (see also: git help tutorial)\n   clone             Clone a repository into a new directory\n   init              Create an empty Git repository or reinitialize an existing one\n\nwork on the current change (see also: git help everyday)\n   add               Add file contents to the index\n   mv                Move or rename a file, a directory, or a symlink\n   restore           Restore working tree files\n   rm                Remove files from the working tree and from the index\n   sparse-checkout   Initialize and modify the sparse-checkout\n\nexamine the history and state (see also: git help revisions)\n   bisect            Use binary search to find the commit that introduced a bug\n   diff              Show changes between commits, commit and working tree, etc\n   grep              Print lines matching a pattern\n   log               Show commit logs\n   show              Show various types of objects\n   status            Show the working tree status\n\ngrow, mark and tweak your common history\n   branch            List, create, or delete branches\n   commit            Record changes to the repository\n   merge             Join two or more development histories together\n   rebase            Reapply commits on top of another base tip\n   reset             Reset current HEAD to the specified state\n   switch            Switch branches\n   tag               Create, list, delete or verify a tag object signed with GPG\n\ncollaborate (see also: git help workflows)\n   fetch             Download objects and refs from another repository\n   pull              Fetch from and integrate with another repository or a local branch\n   push              Update remote refs along with associated objects\n\n'git help -a' and 'git help -g' list available subcommands and some\nconcept guides. See 'git help <command>' or 'git help <concept>'\nto read about a specific subcommand or concept.\nSee 'git help git' for an overview of the system.\n""
[0m09:05:38.096144 [debug] [MainThread]: STDERR: "b''"
[0m09:05:38.096144 [info ] [MainThread]:  - git [[32mOK found[0m]

[0m09:05:38.097139 [info ] [MainThread]: [31m1 check failed:[0m
[0m09:05:38.098137 [info ] [MainThread]: Could not load dbt_project.yml

[0m09:05:38.101131 [debug] [MainThread]: Command `dbt debug` failed at 09:05:38.101131 after 0.34 seconds
[0m09:05:38.101131 [debug] [MainThread]: Sending event: {'category': 'dbt', 'action': 'invocation', 'label': 'end', 'context': [<snowplow_tracker.self_describing_json.SelfDescribingJson object at 0x000002473BFA9FF0>, <snowplow_tracker.self_describing_json.SelfDescribingJson object at 0x000002473E254CD0>, <snowplow_tracker.self_describing_json.SelfDescribingJson object at 0x000002473EAE2FE0>]}
[0m09:05:38.102127 [debug] [MainThread]: Flushing usage events
[0m09:07:30.033066 [debug] [MainThread]: Sending event: {'category': 'dbt', 'action': 'invocation', 'label': 'start', 'context': [<snowplow_tracker.self_describing_json.SelfDescribingJson object at 0x000002736F979FF0>, <snowplow_tracker.self_describing_json.SelfDescribingJson object at 0x0000027371C24CD0>, <snowplow_tracker.self_describing_json.SelfDescribingJson object at 0x0000027371C24B20>]}


============================== 09:07:30.037058 | 3d787c5d-d2f9-4283-8d9c-2c1f641f71dc ==============================
[0m09:07:30.037058 [info ] [MainThread]: Running with dbt=1.5.9
[0m09:07:30.038055 [debug] [MainThread]: running dbt with arguments {'printer_width': '80', 'indirect_selection': 'eager', 'write_json': 'True', 'log_cache_events': 'False', 'partial_parse': 'True', 'cache_selected_only': 'False', 'warn_error': 'None', 'version_check': 'True', 'fail_fast': 'False', 'log_path': 'logs', 'debug': 'False', 'profiles_dir': 'C:\\Users\\Arul\\.dbt', 'use_colors': 'True', 'use_experimental_parser': 'False', 'no_print': 'None', 'quiet': 'False', 'log_format': 'default', 'static_parser': 'True', 'introspect': 'True', 'warn_error_options': 'WarnErrorOptions(include=[], exclude=[])', 'target_path': 'None', 'send_anonymous_usage_stats': 'True'}
[0m09:07:30.039369 [info ] [MainThread]: dbt version: 1.5.9
[0m09:07:30.039369 [info ] [MainThread]: python version: 3.10.4
[0m09:07:30.041489 [info ] [MainThread]: python path: C:\Users\Arul\dbt-poc\venv\Scripts\python.exe
[0m09:07:30.042266 [info ] [MainThread]: os info: Windows-10-10.0.19045-SP0
[0m09:07:30.042926 [info ] [MainThread]: Using profiles.yml file at C:\Users\Arul\.dbt\profiles.yml
[0m09:07:30.042926 [info ] [MainThread]: Using dbt_project.yml file at C:\Users\Arul\dbt-poc\dbt_project.yml
[0m09:07:30.044223 [info ] [MainThread]: Configuration:
[0m09:07:30.275768 [info ] [MainThread]:   profiles.yml file [[32mOK found and valid[0m]
[0m09:07:30.276681 [info ] [MainThread]:   dbt_project.yml file [[31mERROR not found[0m]
[0m09:07:30.277678 [info ] [MainThread]: Required dependencies:
[0m09:07:30.279607 [debug] [MainThread]: Executing "git --help"
[0m09:07:30.308314 [debug] [MainThread]: STDOUT: "b"usage: git [--version] [--help] [-C <path>] [-c <name>=<value>]\n           [--exec-path[=<path>]] [--html-path] [--man-path] [--info-path]\n           [-p | --paginate | -P | --no-pager] [--no-replace-objects] [--bare]\n           [--git-dir=<path>] [--work-tree=<path>] [--namespace=<name>]\n           <command> [<args>]\n\nThese are common Git commands used in various situations:\n\nstart a working area (see also: git help tutorial)\n   clone             Clone a repository into a new directory\n   init              Create an empty Git repository or reinitialize an existing one\n\nwork on the current change (see also: git help everyday)\n   add               Add file contents to the index\n   mv                Move or rename a file, a directory, or a symlink\n   restore           Restore working tree files\n   rm                Remove files from the working tree and from the index\n   sparse-checkout   Initialize and modify the sparse-checkout\n\nexamine the history and state (see also: git help revisions)\n   bisect            Use binary search to find the commit that introduced a bug\n   diff              Show changes between commits, commit and working tree, etc\n   grep              Print lines matching a pattern\n   log               Show commit logs\n   show              Show various types of objects\n   status            Show the working tree status\n\ngrow, mark and tweak your common history\n   branch            List, create, or delete branches\n   commit            Record changes to the repository\n   merge             Join two or more development histories together\n   rebase            Reapply commits on top of another base tip\n   reset             Reset current HEAD to the specified state\n   switch            Switch branches\n   tag               Create, list, delete or verify a tag object signed with GPG\n\ncollaborate (see also: git help workflows)\n   fetch             Download objects and refs from another repository\n   pull              Fetch from and integrate with another repository or a local branch\n   push              Update remote refs along with associated objects\n\n'git help -a' and 'git help -g' list available subcommands and some\nconcept guides. See 'git help <command>' or 'git help <concept>'\nto read about a specific subcommand or concept.\nSee 'git help git' for an overview of the system.\n""
[0m09:07:30.309336 [debug] [MainThread]: STDERR: "b''"
[0m09:07:30.310193 [info ] [MainThread]:  - git [[32mOK found[0m]

[0m09:07:30.310604 [info ] [MainThread]: [31m1 check failed:[0m
[0m09:07:30.312615 [info ] [MainThread]: Could not load dbt_project.yml

[0m09:07:30.314785 [debug] [MainThread]: Command `dbt debug` failed at 09:07:30.314785 after 0.30 seconds
[0m09:07:30.314785 [debug] [MainThread]: Sending event: {'category': 'dbt', 'action': 'invocation', 'label': 'end', 'context': [<snowplow_tracker.self_describing_json.SelfDescribingJson object at 0x000002736F979FF0>, <snowplow_tracker.self_describing_json.SelfDescribingJson object at 0x0000027371C24CD0>, <snowplow_tracker.self_describing_json.SelfDescribingJson object at 0x00000273724B2FE0>]}
[0m09:07:30.315822 [debug] [MainThread]: Flushing usage events
